2024-02-06 11:23:38,646 - INFO - <BrokerConnection node_id=bootstrap-0 host=localhost:9092 <connecting> [IPv4 ('127.0.0.1', 9092)]>: connecting to localhost:9092 [('127.0.0.1', 9092) IPv4]
2024-02-06 11:23:38,647 - INFO - Probing node bootstrap-0 broker version
2024-02-06 11:23:38,648 - INFO - <BrokerConnection node_id=bootstrap-0 host=localhost:9092 <connecting> [IPv4 ('127.0.0.1', 9092)]>: Connection complete.
2024-02-06 11:23:38,758 - INFO - Broker version identified as 2.5.0
2024-02-06 11:23:38,758 - INFO - Set configuration api_version=(2, 5, 0) to skip auto check_version requests on startup
2024-02-06 11:23:38,759 - INFO - Updating subscribed topics to: ('weather-data',)
2024-02-06 11:23:38,775 - INFO - Group coordinator for weather-group is BrokerMetadata(nodeId='coordinator-0', host='effy-VirtualBox', port=9092, rack=None)
2024-02-06 11:23:38,776 - INFO - Discovered coordinator coordinator-0 for group weather-group
2024-02-06 11:23:38,776 - INFO - Starting new heartbeat thread
2024-02-06 11:23:38,777 - INFO - Revoking previously assigned partitions set() for group weather-group
2024-02-06 11:23:38,777 - INFO - <BrokerConnection node_id=coordinator-0 host=effy-VirtualBox:9092 <connecting> [IPv4 ('127.0.1.1', 9092)]>: connecting to effy-VirtualBox:9092 [('127.0.1.1', 9092) IPv4]
2024-02-06 11:23:38,778 - INFO - <BrokerConnection node_id=coordinator-0 host=effy-VirtualBox:9092 <connecting> [IPv4 ('127.0.1.1', 9092)]>: Connection complete.
2024-02-06 11:23:38,778 - INFO - <BrokerConnection node_id=bootstrap-0 host=localhost:9092 <connected> [IPv4 ('127.0.0.1', 9092)]>: Closing connection. 
2024-02-06 11:23:38,881 - INFO - (Re-)joining group weather-group
2024-02-06 11:23:38,889 - INFO - Elected group leader -- performing partition assignments using range
2024-02-06 11:23:38,891 - INFO - <BrokerConnection node_id=0 host=effy-VirtualBox:9092 <connecting> [IPv4 ('127.0.1.1', 9092)]>: connecting to effy-VirtualBox:9092 [('127.0.1.1', 9092) IPv4]
2024-02-06 11:23:38,891 - INFO - <BrokerConnection node_id=0 host=effy-VirtualBox:9092 <connecting> [IPv4 ('127.0.1.1', 9092)]>: Connection complete.
2024-02-06 11:23:38,900 - INFO - Successfully joined group weather-group with generation 1
2024-02-06 11:23:38,901 - INFO - Updated partition assignment: [TopicPartition(topic='weather-data', partition=0)]
2024-02-06 11:23:38,901 - INFO - Setting newly assigned partitions {TopicPartition(topic='weather-data', partition=0)} for group weather-group
2024-02-06 11:23:38,918 - INFO - Inserted to Database: {'city': 'Winnipeg', 'temperature': 7.0, 'wind_speed': 43.2, 'humidity': 31.3}, Received at: 2024-02-06 11:23:38
2024-02-06 11:23:38,922 - INFO - Inserted to Database: {'city': 'Vancouver', 'temperature': 2.6, 'wind_speed': 6.9, 'humidity': 40.1}, Received at: 2024-02-06 11:23:38
2024-02-06 11:23:38,926 - INFO - Inserted to Database: {'city': 'Winnipeg', 'temperature': -20.4, 'wind_speed': 41.3, 'humidity': 40.6}, Received at: 2024-02-06 11:23:38
2024-02-06 11:23:38,930 - INFO - Inserted to Database: {'city': 'Vancouver', 'temperature': 21.1, 'wind_speed': 24.6, 'humidity': 76.8}, Received at: 2024-02-06 11:23:38
2024-02-06 11:23:38,934 - INFO - Inserted to Database: {'city': 'Winnipeg', 'temperature': 24.6, 'wind_speed': 7.3, 'humidity': 41.6}, Received at: 2024-02-06 11:23:38
2024-02-06 11:23:38,938 - INFO - Inserted to Database: {'city': 'Vancouver', 'temperature': 23.1, 'wind_speed': 16.0, 'humidity': 84.4}, Received at: 2024-02-06 11:23:38
2024-02-06 11:23:38,941 - INFO - Inserted to Database: {'city': 'Winnipeg', 'temperature': 26.0, 'wind_speed': 6.7, 'humidity': 39.0}, Received at: 2024-02-06 11:23:38
2024-02-06 11:23:38,943 - INFO - Inserted to Database: {'city': 'Vancouver', 'temperature': 22.8, 'wind_speed': 10.6, 'humidity': 91.0}, Received at: 2024-02-06 11:23:38
2024-02-06 11:23:41,683 - INFO - Inserted to Database: {'city': 'Winnipeg', 'temperature': -10.5, 'wind_speed': 22.7, 'humidity': 22.0}, Received at: 2024-02-06 11:23:41
2024-02-06 11:23:41,690 - INFO - Inserted to Database: {'city': 'Vancouver', 'temperature': -7.3, 'wind_speed': 20.8, 'humidity': 46.4}, Received at: 2024-02-06 11:23:41
2024-02-06 11:23:46,702 - INFO - Inserted to Database: {'city': 'Winnipeg', 'temperature': 22.4, 'wind_speed': 24.1, 'humidity': 40.4}, Received at: 2024-02-06 11:23:46
2024-02-06 11:23:46,707 - INFO - Inserted to Database: {'city': 'Vancouver', 'temperature': 3.8, 'wind_speed': 6.0, 'humidity': 96.9}, Received at: 2024-02-06 11:23:46
2024-02-06 11:23:51,717 - INFO - Inserted to Database: {'city': 'Winnipeg', 'temperature': 0.1, 'wind_speed': 43.3, 'humidity': 35.4}, Received at: 2024-02-06 11:23:51
2024-02-06 11:23:51,726 - INFO - Inserted to Database: {'city': 'Vancouver', 'temperature': 4.6, 'wind_speed': 6.9, 'humidity': 77.7}, Received at: 2024-02-06 11:23:51
2024-02-06 11:23:56,725 - INFO - Inserted to Database: {'city': 'Winnipeg', 'temperature': 25.6, 'wind_speed': 19.8, 'humidity': 70.8}, Received at: 2024-02-06 11:23:56
2024-02-06 11:23:56,729 - INFO - Inserted to Database: {'city': 'Vancouver', 'temperature': 1.4, 'wind_speed': 13.6, 'humidity': 82.5}, Received at: 2024-02-06 11:23:56
2024-02-06 11:24:01,736 - INFO - Inserted to Database: {'city': 'Winnipeg', 'temperature': -20.7, 'wind_speed': 34.8, 'humidity': 77.6}, Received at: 2024-02-06 11:24:01
2024-02-06 11:24:01,740 - INFO - Inserted to Database: {'city': 'Vancouver', 'temperature': -3.5, 'wind_speed': 29.3, 'humidity': 38.8}, Received at: 2024-02-06 11:24:01
2024-02-06 11:24:06,742 - INFO - Inserted to Database: {'city': 'Winnipeg', 'temperature': -3.2, 'wind_speed': 43.5, 'humidity': 53.4}, Received at: 2024-02-06 11:24:06
2024-02-06 11:24:06,748 - INFO - Inserted to Database: {'city': 'Vancouver', 'temperature': 5.5, 'wind_speed': 8.3, 'humidity': 50.2}, Received at: 2024-02-06 11:24:06
2024-02-06 11:24:11,749 - INFO - Inserted to Database: {'city': 'Winnipeg', 'temperature': -16.4, 'wind_speed': 42.0, 'humidity': 49.8}, Received at: 2024-02-06 11:24:11
2024-02-06 11:24:11,754 - INFO - Inserted to Database: {'city': 'Vancouver', 'temperature': 24.4, 'wind_speed': 26.2, 'humidity': 76.9}, Received at: 2024-02-06 11:24:11
2024-02-06 11:24:16,751 - INFO - Inserted to Database: {'city': 'Winnipeg', 'temperature': -12.1, 'wind_speed': 1.4, 'humidity': 65.8}, Received at: 2024-02-06 11:24:16
2024-02-06 11:24:16,754 - INFO - Inserted to Database: {'city': 'Vancouver', 'temperature': 4.1, 'wind_speed': 29.3, 'humidity': 97.5}, Received at: 2024-02-06 11:24:16
2024-02-06 11:24:21,769 - INFO - Inserted to Database: {'city': 'Winnipeg', 'temperature': 18.5, 'wind_speed': 26.4, 'humidity': 31.1}, Received at: 2024-02-06 11:24:21
2024-02-06 11:24:21,774 - INFO - Inserted to Database: {'city': 'Vancouver', 'temperature': 18.0, 'wind_speed': 25.9, 'humidity': 60.1}, Received at: 2024-02-06 11:24:21
2024-02-06 11:24:26,771 - INFO - Inserted to Database: {'city': 'Winnipeg', 'temperature': -15.3, 'wind_speed': 26.7, 'humidity': 59.1}, Received at: 2024-02-06 11:24:26
2024-02-06 11:24:26,783 - INFO - Inserted to Database: {'city': 'Vancouver', 'temperature': 17.7, 'wind_speed': 11.2, 'humidity': 31.3}, Received at: 2024-02-06 11:24:26
2024-02-06 11:24:31,785 - INFO - Inserted to Database: {'city': 'Winnipeg', 'temperature': 10.0, 'wind_speed': 15.9, 'humidity': 28.7}, Received at: 2024-02-06 11:24:31
2024-02-06 11:24:31,793 - INFO - Inserted to Database: {'city': 'Vancouver', 'temperature': 5.6, 'wind_speed': 6.8, 'humidity': 92.0}, Received at: 2024-02-06 11:24:31
2024-02-06 11:24:36,893 - INFO - Inserted to Database: {'city': 'Winnipeg', 'temperature': -17.6, 'wind_speed': 31.1, 'humidity': 27.3}, Received at: 2024-02-06 11:24:36
2024-02-06 11:24:36,900 - INFO - Inserted to Database: {'city': 'Vancouver', 'temperature': 13.5, 'wind_speed': 6.0, 'humidity': 84.2}, Received at: 2024-02-06 11:24:36
2024-02-06 11:24:41,812 - INFO - Inserted to Database: {'city': 'Winnipeg', 'temperature': -12.3, 'wind_speed': 46.3, 'humidity': 52.4}, Received at: 2024-02-06 11:24:41
2024-02-06 11:24:41,819 - INFO - Inserted to Database: {'city': 'Vancouver', 'temperature': 20.6, 'wind_speed': 18.3, 'humidity': 66.8}, Received at: 2024-02-06 11:24:41
2024-02-06 11:24:46,818 - INFO - Inserted to Database: {'city': 'Winnipeg', 'temperature': 5.7, 'wind_speed': 36.2, 'humidity': 57.5}, Received at: 2024-02-06 11:24:46
2024-02-06 11:24:46,825 - INFO - Inserted to Database: {'city': 'Vancouver', 'temperature': 4.6, 'wind_speed': 14.9, 'humidity': 37.3}, Received at: 2024-02-06 11:24:46
2024-02-06 11:24:51,818 - INFO - Inserted to Database: {'city': 'Winnipeg', 'temperature': 28.6, 'wind_speed': 0.7, 'humidity': 59.6}, Received at: 2024-02-06 11:24:51
2024-02-06 11:24:51,825 - INFO - Inserted to Database: {'city': 'Vancouver', 'temperature': 2.3, 'wind_speed': 5.9, 'humidity': 46.6}, Received at: 2024-02-06 11:24:51
2024-02-06 11:24:56,822 - INFO - Inserted to Database: {'city': 'Winnipeg', 'temperature': -3.4, 'wind_speed': 45.5, 'humidity': 61.2}, Received at: 2024-02-06 11:24:56
2024-02-06 11:24:56,831 - INFO - Inserted to Database: {'city': 'Vancouver', 'temperature': 0.6, 'wind_speed': 8.3, 'humidity': 85.8}, Received at: 2024-02-06 11:24:56
2024-02-06 11:25:01,836 - INFO - Inserted to Database: {'city': 'Winnipeg', 'temperature': 21.8, 'wind_speed': 32.1, 'humidity': 59.2}, Received at: 2024-02-06 11:25:01
2024-02-06 11:25:01,841 - INFO - Inserted to Database: {'city': 'Vancouver', 'temperature': 2.3, 'wind_speed': 2.3, 'humidity': 51.2}, Received at: 2024-02-06 11:25:01
2024-02-06 11:25:06,845 - INFO - Inserted to Database: {'city': 'Winnipeg', 'temperature': 24.4, 'wind_speed': 0.9, 'humidity': 52.8}, Received at: 2024-02-06 11:25:06
2024-02-06 11:25:06,849 - INFO - Inserted to Database: {'city': 'Vancouver', 'temperature': 14.2, 'wind_speed': 13.2, 'humidity': 86.2}, Received at: 2024-02-06 11:25:06
2024-02-06 11:25:11,853 - INFO - Inserted to Database: {'city': 'Winnipeg', 'temperature': -19.9, 'wind_speed': 5.0, 'humidity': 64.6}, Received at: 2024-02-06 11:25:11
2024-02-06 11:25:11,859 - INFO - Inserted to Database: {'city': 'Vancouver', 'temperature': 17.0, 'wind_speed': 20.8, 'humidity': 57.3}, Received at: 2024-02-06 11:25:11
2024-02-06 11:25:16,854 - INFO - Inserted to Database: {'city': 'Winnipeg', 'temperature': -22.8, 'wind_speed': 6.8, 'humidity': 55.3}, Received at: 2024-02-06 11:25:16
2024-02-06 11:25:16,861 - INFO - Inserted to Database: {'city': 'Vancouver', 'temperature': -4.8, 'wind_speed': 19.4, 'humidity': 75.6}, Received at: 2024-02-06 11:25:16
2024-02-06 11:25:21,875 - INFO - Inserted to Database: {'city': 'Winnipeg', 'temperature': -18.5, 'wind_speed': 1.4, 'humidity': 62.8}, Received at: 2024-02-06 11:25:21
2024-02-06 11:25:21,878 - INFO - Inserted to Database: {'city': 'Vancouver', 'temperature': 7.5, 'wind_speed': 26.2, 'humidity': 55.3}, Received at: 2024-02-06 11:25:21
2024-02-06 11:25:26,876 - INFO - Inserted to Database: {'city': 'Winnipeg', 'temperature': 24.7, 'wind_speed': 4.1, 'humidity': 71.8}, Received at: 2024-02-06 11:25:26
2024-02-06 11:25:26,880 - INFO - Inserted to Database: {'city': 'Vancouver', 'temperature': 3.9, 'wind_speed': 12.2, 'humidity': 75.8}, Received at: 2024-02-06 11:25:26
2024-02-06 11:25:31,881 - INFO - Inserted to Database: {'city': 'Winnipeg', 'temperature': 5.9, 'wind_speed': 20.5, 'humidity': 59.4}, Received at: 2024-02-06 11:25:31
2024-02-06 11:25:31,884 - INFO - Inserted to Database: {'city': 'Vancouver', 'temperature': 15.1, 'wind_speed': 21.8, 'humidity': 35.4}, Received at: 2024-02-06 11:25:31
2024-02-06 11:25:36,890 - INFO - Inserted to Database: {'city': 'Winnipeg', 'temperature': 11.2, 'wind_speed': 47.9, 'humidity': 23.3}, Received at: 2024-02-06 11:25:36
2024-02-06 11:25:36,892 - INFO - Inserted to Database: {'city': 'Vancouver', 'temperature': -6.3, 'wind_speed': 16.5, 'humidity': 43.1}, Received at: 2024-02-06 11:25:36
2024-02-06 11:25:41,893 - INFO - Inserted to Database: {'city': 'Winnipeg', 'temperature': -19.1, 'wind_speed': 7.1, 'humidity': 42.0}, Received at: 2024-02-06 11:25:41
2024-02-06 11:25:41,896 - INFO - Inserted to Database: {'city': 'Vancouver', 'temperature': 6.6, 'wind_speed': 27.9, 'humidity': 58.2}, Received at: 2024-02-06 11:25:41
2024-02-06 11:25:46,900 - INFO - Inserted to Database: {'city': 'Winnipeg', 'temperature': -9.6, 'wind_speed': 14.4, 'humidity': 66.5}, Received at: 2024-02-06 11:25:46
2024-02-06 11:25:46,906 - INFO - Inserted to Database: {'city': 'Vancouver', 'temperature': 7.1, 'wind_speed': 10.6, 'humidity': 64.2}, Received at: 2024-02-06 11:25:46
2024-02-06 11:25:51,905 - INFO - Inserted to Database: {'city': 'Winnipeg', 'temperature': -26.9, 'wind_speed': 30.4, 'humidity': 32.3}, Received at: 2024-02-06 11:25:51
2024-02-06 11:25:51,909 - INFO - Inserted to Database: {'city': 'Vancouver', 'temperature': -7.0, 'wind_speed': 11.0, 'humidity': 43.9}, Received at: 2024-02-06 11:25:51
2024-02-06 11:25:56,920 - INFO - Inserted to Database: {'city': 'Winnipeg', 'temperature': -3.9, 'wind_speed': 1.0, 'humidity': 27.8}, Received at: 2024-02-06 11:25:56
2024-02-06 11:25:56,925 - INFO - Inserted to Database: {'city': 'Vancouver', 'temperature': 4.8, 'wind_speed': 28.3, 'humidity': 56.3}, Received at: 2024-02-06 11:25:56
2024-02-06 11:26:01,922 - INFO - Inserted to Database: {'city': 'Winnipeg', 'temperature': 2.0, 'wind_speed': 18.2, 'humidity': 41.4}, Received at: 2024-02-06 11:26:01
2024-02-06 11:26:01,927 - INFO - Inserted to Database: {'city': 'Vancouver', 'temperature': 3.3, 'wind_speed': 1.9, 'humidity': 83.7}, Received at: 2024-02-06 11:26:01
2024-02-06 11:26:06,933 - INFO - Inserted to Database: {'city': 'Winnipeg', 'temperature': -19.8, 'wind_speed': 7.9, 'humidity': 58.7}, Received at: 2024-02-06 11:26:06
2024-02-06 11:26:06,936 - INFO - Inserted to Database: {'city': 'Vancouver', 'temperature': 24.6, 'wind_speed': 22.2, 'humidity': 69.9}, Received at: 2024-02-06 11:26:06
2024-02-06 11:26:11,941 - INFO - Inserted to Database: {'city': 'Winnipeg', 'temperature': -29.4, 'wind_speed': 1.4, 'humidity': 45.5}, Received at: 2024-02-06 11:26:11
2024-02-06 11:26:11,945 - INFO - Inserted to Database: {'city': 'Vancouver', 'temperature': 20.2, 'wind_speed': 23.8, 'humidity': 39.9}, Received at: 2024-02-06 11:26:11
2024-02-06 11:26:16,939 - INFO - Inserted to Database: {'city': 'Winnipeg', 'temperature': -21.5, 'wind_speed': 18.5, 'humidity': 76.9}, Received at: 2024-02-06 11:26:16
2024-02-06 11:26:16,943 - INFO - Inserted to Database: {'city': 'Vancouver', 'temperature': 3.0, 'wind_speed': 10.6, 'humidity': 32.1}, Received at: 2024-02-06 11:26:16
2024-02-06 11:26:21,945 - INFO - Inserted to Database: {'city': 'Winnipeg', 'temperature': 7.0, 'wind_speed': 16.2, 'humidity': 72.5}, Received at: 2024-02-06 11:26:21
2024-02-06 11:26:21,955 - INFO - Inserted to Database: {'city': 'Vancouver', 'temperature': 16.5, 'wind_speed': 14.0, 'humidity': 71.9}, Received at: 2024-02-06 11:26:21
2024-02-06 11:26:26,953 - INFO - Inserted to Database: {'city': 'Winnipeg', 'temperature': 9.1, 'wind_speed': 36.2, 'humidity': 52.8}, Received at: 2024-02-06 11:26:26
2024-02-06 11:26:26,957 - INFO - Inserted to Database: {'city': 'Vancouver', 'temperature': 17.3, 'wind_speed': 25.8, 'humidity': 57.0}, Received at: 2024-02-06 11:26:26
2024-02-06 11:26:32,059 - INFO - Stopping heartbeat thread
2024-02-06 11:27:26,529 - INFO - <BrokerConnection node_id=bootstrap-0 host=localhost:9092 <connecting> [IPv4 ('127.0.0.1', 9092)]>: connecting to localhost:9092 [('127.0.0.1', 9092) IPv4]
2024-02-06 11:27:26,530 - INFO - Probing node bootstrap-0 broker version
2024-02-06 11:27:26,531 - INFO - <BrokerConnection node_id=bootstrap-0 host=localhost:9092 <connecting> [IPv4 ('127.0.0.1', 9092)]>: Connection complete.
2024-02-06 11:27:26,640 - INFO - Broker version identified as 2.5.0
2024-02-06 11:27:26,640 - INFO - Set configuration api_version=(2, 5, 0) to skip auto check_version requests on startup
2024-02-06 11:27:26,641 - INFO - Updating subscribed topics to: ('weather-data',)
2024-02-06 11:27:26,668 - INFO - Group coordinator for weather-group is BrokerMetadata(nodeId='coordinator-0', host='effy-VirtualBox', port=9092, rack=None)
2024-02-06 11:27:26,668 - INFO - Discovered coordinator coordinator-0 for group weather-group
2024-02-06 11:27:26,669 - INFO - Starting new heartbeat thread
2024-02-06 11:27:26,670 - INFO - Revoking previously assigned partitions set() for group weather-group
2024-02-06 11:27:26,671 - INFO - <BrokerConnection node_id=coordinator-0 host=effy-VirtualBox:9092 <connecting> [IPv4 ('127.0.1.1', 9092)]>: connecting to effy-VirtualBox:9092 [('127.0.1.1', 9092) IPv4]
2024-02-06 11:27:26,671 - INFO - <BrokerConnection node_id=coordinator-0 host=effy-VirtualBox:9092 <connecting> [IPv4 ('127.0.1.1', 9092)]>: Connection complete.
2024-02-06 11:27:26,671 - INFO - <BrokerConnection node_id=bootstrap-0 host=localhost:9092 <connected> [IPv4 ('127.0.0.1', 9092)]>: Closing connection. 
2024-02-06 11:27:26,772 - INFO - (Re-)joining group weather-group
2024-02-06 11:27:26,779 - INFO - Elected group leader -- performing partition assignments using range
2024-02-06 11:27:26,781 - INFO - <BrokerConnection node_id=0 host=effy-VirtualBox:9092 <connecting> [IPv4 ('127.0.1.1', 9092)]>: connecting to effy-VirtualBox:9092 [('127.0.1.1', 9092) IPv4]
2024-02-06 11:27:26,781 - INFO - <BrokerConnection node_id=0 host=effy-VirtualBox:9092 <connecting> [IPv4 ('127.0.1.1', 9092)]>: Connection complete.
2024-02-06 11:27:26,796 - INFO - Successfully joined group weather-group with generation 1
2024-02-06 11:27:26,796 - INFO - Updated partition assignment: [TopicPartition(topic='weather-data', partition=0)]
2024-02-06 11:27:26,796 - INFO - Setting newly assigned partitions {TopicPartition(topic='weather-data', partition=0)} for group weather-group
2024-02-06 11:27:26,849 - INFO - Inserted to Database: {'city': 'Winnipeg', 'temperature': -3.4, 'wind_speed': 14.1, 'humidity': 73.4}, Received at: 2024-02-06 11:27:26
2024-02-06 11:27:26,854 - INFO - Inserted to Database: {'city': 'Vancouver', 'temperature': 21.9, 'wind_speed': 27.7, 'humidity': 55.0}, Received at: 2024-02-06 11:27:26
2024-02-06 11:27:26,859 - INFO - Inserted to Database: {'city': 'Winnipeg', 'temperature': -26.8, 'wind_speed': 29.6, 'humidity': 73.1}, Received at: 2024-02-06 11:27:26
2024-02-06 11:27:26,863 - INFO - Inserted to Database: {'city': 'Vancouver', 'temperature': -0.4, 'wind_speed': 2.7, 'humidity': 34.3}, Received at: 2024-02-06 11:27:26
2024-02-06 11:27:29,566 - INFO - Inserted to Database: {'city': 'Winnipeg', 'temperature': 1.3, 'wind_speed': 20.6, 'humidity': 67.1}, Received at: 2024-02-06 11:27:29
2024-02-06 11:27:29,570 - INFO - Inserted to Database: {'city': 'Vancouver', 'temperature': -9.9, 'wind_speed': 13.3, 'humidity': 88.1}, Received at: 2024-02-06 11:27:29
2024-02-06 11:27:34,570 - INFO - Inserted to Database: {'city': 'Winnipeg', 'temperature': -18.8, 'wind_speed': 15.1, 'humidity': 76.5}, Received at: 2024-02-06 11:27:34
2024-02-06 11:27:34,581 - INFO - Inserted to Database: {'city': 'Vancouver', 'temperature': 8.1, 'wind_speed': 11.6, 'humidity': 50.9}, Received at: 2024-02-06 11:27:34
2024-02-06 11:27:39,580 - INFO - Inserted to Database: {'city': 'Winnipeg', 'temperature': 24.0, 'wind_speed': 34.2, 'humidity': 68.2}, Received at: 2024-02-06 11:27:39
2024-02-06 11:27:39,585 - INFO - Inserted to Database: {'city': 'Vancouver', 'temperature': -5.9, 'wind_speed': 4.4, 'humidity': 75.9}, Received at: 2024-02-06 11:27:39
2024-02-06 11:27:44,587 - INFO - Inserted to Database: {'city': 'Winnipeg', 'temperature': -14.6, 'wind_speed': 3.6, 'humidity': 49.0}, Received at: 2024-02-06 11:27:44
2024-02-06 11:27:44,591 - INFO - Inserted to Database: {'city': 'Vancouver', 'temperature': 1.2, 'wind_speed': 6.2, 'humidity': 65.8}, Received at: 2024-02-06 11:27:44
2024-02-06 11:27:49,599 - INFO - Inserted to Database: {'city': 'Winnipeg', 'temperature': 16.5, 'wind_speed': 5.3, 'humidity': 36.9}, Received at: 2024-02-06 11:27:49
2024-02-06 11:27:49,604 - INFO - Inserted to Database: {'city': 'Vancouver', 'temperature': 16.9, 'wind_speed': 29.3, 'humidity': 37.2}, Received at: 2024-02-06 11:27:49
2024-02-06 11:27:54,602 - INFO - Inserted to Database: {'city': 'Winnipeg', 'temperature': -14.2, 'wind_speed': 24.4, 'humidity': 47.7}, Received at: 2024-02-06 11:27:54
2024-02-06 11:27:54,608 - INFO - Inserted to Database: {'city': 'Vancouver', 'temperature': -1.4, 'wind_speed': 18.5, 'humidity': 92.4}, Received at: 2024-02-06 11:27:54
2024-02-06 11:27:59,620 - INFO - Inserted to Database: {'city': 'Winnipeg', 'temperature': -24.3, 'wind_speed': 29.3, 'humidity': 41.5}, Received at: 2024-02-06 11:27:59
2024-02-06 11:27:59,671 - INFO - Inserted to Database: {'city': 'Vancouver', 'temperature': 20.4, 'wind_speed': 3.4, 'humidity': 69.4}, Received at: 2024-02-06 11:27:59
2024-02-06 11:28:04,618 - INFO - Inserted to Database: {'city': 'Winnipeg', 'temperature': 16.0, 'wind_speed': 43.6, 'humidity': 31.4}, Received at: 2024-02-06 11:28:04
2024-02-06 11:28:04,625 - INFO - Inserted to Database: {'city': 'Vancouver', 'temperature': -7.4, 'wind_speed': 2.7, 'humidity': 67.7}, Received at: 2024-02-06 11:28:04
2024-02-06 11:28:09,671 - INFO - Inserted to Database: {'city': 'Winnipeg', 'temperature': -28.9, 'wind_speed': 16.7, 'humidity': 64.8}, Received at: 2024-02-06 11:28:09
2024-02-06 11:28:09,705 - INFO - Inserted to Database: {'city': 'Vancouver', 'temperature': 7.1, 'wind_speed': 20.6, 'humidity': 85.8}, Received at: 2024-02-06 11:28:09
2024-02-06 11:28:14,633 - INFO - Inserted to Database: {'city': 'Winnipeg', 'temperature': -7.8, 'wind_speed': 45.3, 'humidity': 29.1}, Received at: 2024-02-06 11:28:14
2024-02-06 11:28:14,640 - INFO - Inserted to Database: {'city': 'Vancouver', 'temperature': 15.0, 'wind_speed': 22.4, 'humidity': 57.7}, Received at: 2024-02-06 11:28:14
2024-02-06 11:28:19,640 - INFO - Inserted to Database: {'city': 'Winnipeg', 'temperature': 29.1, 'wind_speed': 4.5, 'humidity': 50.1}, Received at: 2024-02-06 11:28:19
2024-02-06 11:28:19,646 - INFO - Inserted to Database: {'city': 'Vancouver', 'temperature': 7.3, 'wind_speed': 26.3, 'humidity': 32.9}, Received at: 2024-02-06 11:28:19
2024-02-06 11:28:24,650 - INFO - Inserted to Database: {'city': 'Winnipeg', 'temperature': -19.3, 'wind_speed': 39.1, 'humidity': 56.6}, Received at: 2024-02-06 11:28:24
2024-02-06 11:28:24,654 - INFO - Inserted to Database: {'city': 'Vancouver', 'temperature': 16.2, 'wind_speed': 12.0, 'humidity': 77.8}, Received at: 2024-02-06 11:28:24
2024-02-06 11:28:29,653 - INFO - Inserted to Database: {'city': 'Winnipeg', 'temperature': -13.7, 'wind_speed': 23.6, 'humidity': 28.9}, Received at: 2024-02-06 11:28:29
2024-02-06 11:28:29,660 - INFO - Inserted to Database: {'city': 'Vancouver', 'temperature': 2.5, 'wind_speed': 26.3, 'humidity': 69.2}, Received at: 2024-02-06 11:28:29
2024-02-06 11:28:34,678 - INFO - Inserted to Database: {'city': 'Winnipeg', 'temperature': -6.0, 'wind_speed': 38.8, 'humidity': 61.4}, Received at: 2024-02-06 11:28:34
2024-02-06 11:28:34,691 - INFO - Inserted to Database: {'city': 'Vancouver', 'temperature': -0.9, 'wind_speed': 21.6, 'humidity': 61.4}, Received at: 2024-02-06 11:28:34
2024-02-06 11:28:39,677 - INFO - Inserted to Database: {'city': 'Winnipeg', 'temperature': 24.7, 'wind_speed': 48.2, 'humidity': 33.3}, Received at: 2024-02-06 11:28:39
2024-02-06 11:28:39,682 - INFO - Inserted to Database: {'city': 'Vancouver', 'temperature': 15.4, 'wind_speed': 22.2, 'humidity': 56.9}, Received at: 2024-02-06 11:28:39
2024-02-06 11:28:44,683 - INFO - Inserted to Database: {'city': 'Winnipeg', 'temperature': -27.2, 'wind_speed': 18.8, 'humidity': 38.7}, Received at: 2024-02-06 11:28:44
2024-02-06 11:28:44,689 - INFO - Inserted to Database: {'city': 'Vancouver', 'temperature': 11.5, 'wind_speed': 12.6, 'humidity': 70.1}, Received at: 2024-02-06 11:28:44
2024-02-06 11:28:49,704 - INFO - Inserted to Database: {'city': 'Winnipeg', 'temperature': 7.7, 'wind_speed': 33.9, 'humidity': 63.9}, Received at: 2024-02-06 11:28:49
2024-02-06 11:28:49,709 - INFO - Inserted to Database: {'city': 'Vancouver', 'temperature': -3.1, 'wind_speed': 15.5, 'humidity': 36.1}, Received at: 2024-02-06 11:28:49
2024-02-06 11:28:54,705 - INFO - Inserted to Database: {'city': 'Winnipeg', 'temperature': 17.3, 'wind_speed': 36.1, 'humidity': 52.3}, Received at: 2024-02-06 11:28:54
2024-02-06 11:28:54,713 - INFO - Inserted to Database: {'city': 'Vancouver', 'temperature': 4.9, 'wind_speed': 3.1, 'humidity': 41.8}, Received at: 2024-02-06 11:28:54
2024-02-06 11:28:59,710 - INFO - Inserted to Database: {'city': 'Winnipeg', 'temperature': -15.3, 'wind_speed': 5.6, 'humidity': 42.9}, Received at: 2024-02-06 11:28:59
2024-02-06 11:28:59,716 - INFO - Inserted to Database: {'city': 'Vancouver', 'temperature': -0.8, 'wind_speed': 23.7, 'humidity': 42.4}, Received at: 2024-02-06 11:28:59
2024-02-06 11:29:04,732 - INFO - Inserted to Database: {'city': 'Winnipeg', 'temperature': -21.3, 'wind_speed': 47.6, 'humidity': 23.3}, Received at: 2024-02-06 11:29:04
2024-02-06 11:29:04,757 - INFO - Inserted to Database: {'city': 'Vancouver', 'temperature': 4.5, 'wind_speed': 28.6, 'humidity': 56.6}, Received at: 2024-02-06 11:29:04
2024-02-06 11:29:09,759 - INFO - Inserted to Database: {'city': 'Winnipeg', 'temperature': -5.9, 'wind_speed': 14.8, 'humidity': 32.6}, Received at: 2024-02-06 11:29:09
2024-02-06 11:29:09,762 - INFO - Inserted to Database: {'city': 'Vancouver', 'temperature': 5.5, 'wind_speed': 20.9, 'humidity': 75.0}, Received at: 2024-02-06 11:29:09
2024-02-06 11:29:14,733 - INFO - Inserted to Database: {'city': 'Winnipeg', 'temperature': -0.2, 'wind_speed': 5.9, 'humidity': 27.5}, Received at: 2024-02-06 11:29:14
2024-02-06 11:29:14,736 - INFO - Inserted to Database: {'city': 'Vancouver', 'temperature': 4.7, 'wind_speed': 20.4, 'humidity': 48.0}, Received at: 2024-02-06 11:29:14
2024-02-06 11:29:19,740 - INFO - Inserted to Database: {'city': 'Winnipeg', 'temperature': 10.3, 'wind_speed': 26.1, 'humidity': 21.6}, Received at: 2024-02-06 11:29:19
2024-02-06 11:29:19,745 - INFO - Inserted to Database: {'city': 'Vancouver', 'temperature': 17.5, 'wind_speed': 6.6, 'humidity': 45.1}, Received at: 2024-02-06 11:29:19
2024-02-06 11:29:24,781 - INFO - Inserted to Database: {'city': 'Winnipeg', 'temperature': 17.8, 'wind_speed': 33.3, 'humidity': 72.0}, Received at: 2024-02-06 11:29:24
2024-02-06 11:29:24,787 - INFO - Inserted to Database: {'city': 'Vancouver', 'temperature': 8.4, 'wind_speed': 5.4, 'humidity': 36.1}, Received at: 2024-02-06 11:29:24
2024-02-06 11:29:29,783 - INFO - Inserted to Database: {'city': 'Winnipeg', 'temperature': 1.8, 'wind_speed': 45.1, 'humidity': 78.6}, Received at: 2024-02-06 11:29:29
2024-02-06 11:29:29,792 - INFO - Inserted to Database: {'city': 'Vancouver', 'temperature': 13.2, 'wind_speed': 8.5, 'humidity': 84.5}, Received at: 2024-02-06 11:29:29
2024-02-06 11:29:34,794 - INFO - Inserted to Database: {'city': 'Winnipeg', 'temperature': 24.6, 'wind_speed': 37.7, 'humidity': 71.8}, Received at: 2024-02-06 11:29:34
2024-02-06 11:29:34,797 - INFO - Inserted to Database: {'city': 'Vancouver', 'temperature': -6.8, 'wind_speed': 9.9, 'humidity': 92.5}, Received at: 2024-02-06 11:29:34
2024-02-06 11:29:39,801 - INFO - Inserted to Database: {'city': 'Winnipeg', 'temperature': -8.1, 'wind_speed': 5.2, 'humidity': 26.4}, Received at: 2024-02-06 11:29:39
2024-02-06 11:29:39,805 - INFO - Inserted to Database: {'city': 'Vancouver', 'temperature': 12.2, 'wind_speed': 6.6, 'humidity': 51.1}, Received at: 2024-02-06 11:29:39
2024-02-06 11:29:44,820 - INFO - Inserted to Database: {'city': 'Winnipeg', 'temperature': -6.7, 'wind_speed': 43.5, 'humidity': 23.0}, Received at: 2024-02-06 11:29:44
2024-02-06 11:29:44,826 - INFO - Inserted to Database: {'city': 'Vancouver', 'temperature': 9.8, 'wind_speed': 4.5, 'humidity': 36.4}, Received at: 2024-02-06 11:29:44
2024-02-06 11:29:49,844 - INFO - Inserted to Database: {'city': 'Winnipeg', 'temperature': 10.1, 'wind_speed': 25.0, 'humidity': 76.5}, Received at: 2024-02-06 11:29:49
2024-02-06 11:29:49,848 - INFO - Inserted to Database: {'city': 'Vancouver', 'temperature': 1.5, 'wind_speed': 27.7, 'humidity': 66.7}, Received at: 2024-02-06 11:29:49
2024-02-06 11:29:54,846 - INFO - Inserted to Database: {'city': 'Winnipeg', 'temperature': -16.3, 'wind_speed': 33.0, 'humidity': 67.5}, Received at: 2024-02-06 11:29:54
2024-02-06 11:29:54,852 - INFO - Inserted to Database: {'city': 'Vancouver', 'temperature': 14.2, 'wind_speed': 8.5, 'humidity': 47.8}, Received at: 2024-02-06 11:29:54
2024-02-06 11:29:59,854 - INFO - Inserted to Database: {'city': 'Winnipeg', 'temperature': 12.8, 'wind_speed': 7.5, 'humidity': 49.0}, Received at: 2024-02-06 11:29:59
2024-02-06 11:29:59,862 - INFO - Inserted to Database: {'city': 'Vancouver', 'temperature': 3.3, 'wind_speed': 8.4, 'humidity': 57.9}, Received at: 2024-02-06 11:29:59
2024-02-06 11:30:04,858 - INFO - Inserted to Database: {'city': 'Winnipeg', 'temperature': -17.6, 'wind_speed': 29.7, 'humidity': 62.4}, Received at: 2024-02-06 11:30:04
2024-02-06 11:30:04,865 - INFO - Inserted to Database: {'city': 'Vancouver', 'temperature': 22.2, 'wind_speed': 19.2, 'humidity': 71.4}, Received at: 2024-02-06 11:30:04
2024-02-06 11:30:09,867 - INFO - Inserted to Database: {'city': 'Winnipeg', 'temperature': 12.5, 'wind_speed': 41.7, 'humidity': 42.2}, Received at: 2024-02-06 11:30:09
2024-02-06 11:30:09,872 - INFO - Inserted to Database: {'city': 'Vancouver', 'temperature': 13.6, 'wind_speed': 25.4, 'humidity': 43.0}, Received at: 2024-02-06 11:30:09
2024-02-06 11:30:14,877 - INFO - Inserted to Database: {'city': 'Winnipeg', 'temperature': 18.8, 'wind_speed': 49.9, 'humidity': 41.1}, Received at: 2024-02-06 11:30:14
2024-02-06 11:30:14,883 - INFO - Inserted to Database: {'city': 'Vancouver', 'temperature': -2.4, 'wind_speed': 12.4, 'humidity': 44.2}, Received at: 2024-02-06 11:30:14
2024-02-06 11:30:19,881 - INFO - Inserted to Database: {'city': 'Winnipeg', 'temperature': 9.8, 'wind_speed': 29.3, 'humidity': 48.2}, Received at: 2024-02-06 11:30:19
2024-02-06 11:30:19,885 - INFO - Inserted to Database: {'city': 'Vancouver', 'temperature': 8.3, 'wind_speed': 17.7, 'humidity': 85.3}, Received at: 2024-02-06 11:30:19
2024-02-06 11:30:24,887 - INFO - Inserted to Database: {'city': 'Winnipeg', 'temperature': 5.1, 'wind_speed': 4.3, 'humidity': 39.5}, Received at: 2024-02-06 11:30:24
2024-02-06 11:30:24,892 - INFO - Inserted to Database: {'city': 'Vancouver', 'temperature': -0.2, 'wind_speed': 20.2, 'humidity': 48.3}, Received at: 2024-02-06 11:30:24
2024-02-06 11:30:29,905 - INFO - Inserted to Database: {'city': 'Winnipeg', 'temperature': -23.4, 'wind_speed': 11.4, 'humidity': 20.7}, Received at: 2024-02-06 11:30:29
2024-02-06 11:30:29,912 - INFO - Inserted to Database: {'city': 'Vancouver', 'temperature': 12.1, 'wind_speed': 3.9, 'humidity': 96.3}, Received at: 2024-02-06 11:30:29
2024-02-06 11:30:34,898 - INFO - Inserted to Database: {'city': 'Winnipeg', 'temperature': -15.2, 'wind_speed': 26.4, 'humidity': 69.6}, Received at: 2024-02-06 11:30:34
2024-02-06 11:30:34,909 - INFO - Inserted to Database: {'city': 'Vancouver', 'temperature': 6.5, 'wind_speed': 24.3, 'humidity': 74.5}, Received at: 2024-02-06 11:30:34
2024-02-06 11:30:39,919 - INFO - Inserted to Database: {'city': 'Winnipeg', 'temperature': -7.6, 'wind_speed': 34.0, 'humidity': 35.5}, Received at: 2024-02-06 11:30:39
2024-02-06 11:30:39,923 - INFO - Inserted to Database: {'city': 'Vancouver', 'temperature': -8.6, 'wind_speed': 12.1, 'humidity': 92.9}, Received at: 2024-02-06 11:30:39
2024-02-06 11:30:44,940 - INFO - Inserted to Database: {'city': 'Winnipeg', 'temperature': 18.0, 'wind_speed': 17.9, 'humidity': 75.4}, Received at: 2024-02-06 11:30:44
2024-02-06 11:30:44,943 - INFO - Inserted to Database: {'city': 'Vancouver', 'temperature': 24.3, 'wind_speed': 7.4, 'humidity': 30.3}, Received at: 2024-02-06 11:30:44
2024-02-06 11:30:49,937 - INFO - Inserted to Database: {'city': 'Winnipeg', 'temperature': -22.4, 'wind_speed': 34.3, 'humidity': 54.1}, Received at: 2024-02-06 11:30:49
2024-02-06 11:30:49,942 - INFO - Inserted to Database: {'city': 'Vancouver', 'temperature': 8.7, 'wind_speed': 1.1, 'humidity': 57.0}, Received at: 2024-02-06 11:30:49
2024-02-06 11:30:54,944 - INFO - Inserted to Database: {'city': 'Winnipeg', 'temperature': -26.8, 'wind_speed': 42.0, 'humidity': 47.6}, Received at: 2024-02-06 11:30:54
2024-02-06 11:30:54,949 - INFO - Inserted to Database: {'city': 'Vancouver', 'temperature': 11.9, 'wind_speed': 4.6, 'humidity': 57.1}, Received at: 2024-02-06 11:30:54
2024-02-06 11:30:59,951 - INFO - Inserted to Database: {'city': 'Winnipeg', 'temperature': -14.9, 'wind_speed': 41.2, 'humidity': 47.1}, Received at: 2024-02-06 11:30:59
2024-02-06 11:30:59,957 - INFO - Inserted to Database: {'city': 'Vancouver', 'temperature': 13.1, 'wind_speed': 28.9, 'humidity': 62.4}, Received at: 2024-02-06 11:30:59
2024-02-06 11:31:04,958 - INFO - Inserted to Database: {'city': 'Winnipeg', 'temperature': -8.6, 'wind_speed': 16.9, 'humidity': 30.6}, Received at: 2024-02-06 11:31:04
2024-02-06 11:31:04,964 - INFO - Inserted to Database: {'city': 'Vancouver', 'temperature': 10.4, 'wind_speed': 29.3, 'humidity': 67.9}, Received at: 2024-02-06 11:31:04
2024-02-06 11:31:09,979 - INFO - Inserted to Database: {'city': 'Winnipeg', 'temperature': 7.8, 'wind_speed': 31.7, 'humidity': 65.5}, Received at: 2024-02-06 11:31:09
2024-02-06 11:31:10,002 - INFO - Inserted to Database: {'city': 'Vancouver', 'temperature': -8.8, 'wind_speed': 23.1, 'humidity': 41.5}, Received at: 2024-02-06 11:31:09
2024-02-06 11:31:14,979 - INFO - Inserted to Database: {'city': 'Winnipeg', 'temperature': -1.7, 'wind_speed': 31.5, 'humidity': 39.7}, Received at: 2024-02-06 11:31:14
2024-02-06 11:31:14,988 - INFO - Inserted to Database: {'city': 'Vancouver', 'temperature': 14.3, 'wind_speed': 14.0, 'humidity': 89.1}, Received at: 2024-02-06 11:31:14
2024-02-06 11:31:19,985 - INFO - Inserted to Database: {'city': 'Winnipeg', 'temperature': 21.7, 'wind_speed': 22.7, 'humidity': 48.0}, Received at: 2024-02-06 11:31:19
2024-02-06 11:31:19,990 - INFO - Inserted to Database: {'city': 'Vancouver', 'temperature': 16.3, 'wind_speed': 14.7, 'humidity': 30.4}, Received at: 2024-02-06 11:31:19
2024-02-06 11:31:24,995 - INFO - Inserted to Database: {'city': 'Winnipeg', 'temperature': 27.0, 'wind_speed': 3.1, 'humidity': 32.0}, Received at: 2024-02-06 11:31:24
2024-02-06 11:31:25,015 - INFO - Inserted to Database: {'city': 'Vancouver', 'temperature': 11.4, 'wind_speed': 17.8, 'humidity': 48.4}, Received at: 2024-02-06 11:31:25
2024-02-06 11:31:29,996 - INFO - Inserted to Database: {'city': 'Winnipeg', 'temperature': -22.4, 'wind_speed': 12.5, 'humidity': 66.9}, Received at: 2024-02-06 11:31:29
2024-02-06 11:31:29,999 - INFO - Inserted to Database: {'city': 'Vancouver', 'temperature': 15.3, 'wind_speed': 24.9, 'humidity': 88.0}, Received at: 2024-02-06 11:31:29
2024-02-06 11:31:34,991 - INFO - Inserted to Database: {'city': 'Winnipeg', 'temperature': -16.3, 'wind_speed': 35.8, 'humidity': 52.5}, Received at: 2024-02-06 11:31:34
2024-02-06 11:31:34,999 - INFO - Inserted to Database: {'city': 'Vancouver', 'temperature': -9.7, 'wind_speed': 29.5, 'humidity': 73.0}, Received at: 2024-02-06 11:31:34
2024-02-06 11:31:40,012 - INFO - Inserted to Database: {'city': 'Winnipeg', 'temperature': 27.4, 'wind_speed': 38.6, 'humidity': 76.9}, Received at: 2024-02-06 11:31:40
2024-02-06 11:31:40,020 - INFO - Inserted to Database: {'city': 'Vancouver', 'temperature': 14.4, 'wind_speed': 22.4, 'humidity': 93.7}, Received at: 2024-02-06 11:31:40
2024-02-06 11:31:45,039 - INFO - Inserted to Database: {'city': 'Winnipeg', 'temperature': -10.2, 'wind_speed': 33.9, 'humidity': 38.5}, Received at: 2024-02-06 11:31:45
2024-02-06 11:31:45,058 - INFO - Inserted to Database: {'city': 'Vancouver', 'temperature': -2.5, 'wind_speed': 11.6, 'humidity': 95.8}, Received at: 2024-02-06 11:31:45
2024-02-06 11:31:50,042 - INFO - Inserted to Database: {'city': 'Winnipeg', 'temperature': 28.8, 'wind_speed': 36.3, 'humidity': 62.5}, Received at: 2024-02-06 11:31:50
2024-02-06 11:31:50,048 - INFO - Inserted to Database: {'city': 'Vancouver', 'temperature': 24.6, 'wind_speed': 7.3, 'humidity': 89.6}, Received at: 2024-02-06 11:31:50
2024-02-06 11:31:55,046 - INFO - Inserted to Database: {'city': 'Winnipeg', 'temperature': 11.2, 'wind_speed': 40.9, 'humidity': 31.5}, Received at: 2024-02-06 11:31:55
2024-02-06 11:31:55,050 - INFO - Inserted to Database: {'city': 'Vancouver', 'temperature': -6.9, 'wind_speed': 1.1, 'humidity': 91.3}, Received at: 2024-02-06 11:31:55
2024-02-06 11:32:00,042 - INFO - Inserted to Database: {'city': 'Winnipeg', 'temperature': -2.9, 'wind_speed': 45.0, 'humidity': 29.8}, Received at: 2024-02-06 11:32:00
2024-02-06 11:32:00,046 - INFO - Inserted to Database: {'city': 'Vancouver', 'temperature': 17.3, 'wind_speed': 19.2, 'humidity': 30.9}, Received at: 2024-02-06 11:32:00
2024-02-06 11:32:05,080 - INFO - Inserted to Database: {'city': 'Winnipeg', 'temperature': 18.7, 'wind_speed': 23.3, 'humidity': 70.9}, Received at: 2024-02-06 11:32:05
2024-02-06 11:32:05,086 - INFO - Inserted to Database: {'city': 'Vancouver', 'temperature': 5.2, 'wind_speed': 2.2, 'humidity': 56.3}, Received at: 2024-02-06 11:32:05
2024-02-06 11:32:10,120 - INFO - Inserted to Database: {'city': 'Winnipeg', 'temperature': -9.3, 'wind_speed': 13.2, 'humidity': 64.5}, Received at: 2024-02-06 11:32:10
2024-02-06 11:32:10,125 - INFO - Inserted to Database: {'city': 'Vancouver', 'temperature': -4.8, 'wind_speed': 23.3, 'humidity': 79.5}, Received at: 2024-02-06 11:32:10
2024-02-06 11:32:15,129 - INFO - Inserted to Database: {'city': 'Winnipeg', 'temperature': 23.2, 'wind_speed': 28.1, 'humidity': 72.0}, Received at: 2024-02-06 11:32:15
2024-02-06 11:32:15,133 - INFO - Inserted to Database: {'city': 'Vancouver', 'temperature': -7.0, 'wind_speed': 4.7, 'humidity': 72.2}, Received at: 2024-02-06 11:32:15
2024-02-06 11:32:20,138 - INFO - Inserted to Database: {'city': 'Winnipeg', 'temperature': -26.4, 'wind_speed': 22.4, 'humidity': 60.2}, Received at: 2024-02-06 11:32:20
2024-02-06 11:32:20,148 - INFO - Inserted to Database: {'city': 'Vancouver', 'temperature': 23.1, 'wind_speed': 19.0, 'humidity': 47.4}, Received at: 2024-02-06 11:32:20
2024-02-06 11:32:25,148 - INFO - Inserted to Database: {'city': 'Winnipeg', 'temperature': 0.4, 'wind_speed': 3.3, 'humidity': 49.9}, Received at: 2024-02-06 11:32:25
2024-02-06 11:32:25,154 - INFO - Inserted to Database: {'city': 'Vancouver', 'temperature': -7.9, 'wind_speed': 4.6, 'humidity': 78.8}, Received at: 2024-02-06 11:32:25
2024-02-06 11:32:30,161 - INFO - Inserted to Database: {'city': 'Winnipeg', 'temperature': 12.6, 'wind_speed': 45.8, 'humidity': 58.4}, Received at: 2024-02-06 11:32:30
2024-02-06 11:32:30,167 - INFO - Inserted to Database: {'city': 'Vancouver', 'temperature': 0.7, 'wind_speed': 11.0, 'humidity': 77.8}, Received at: 2024-02-06 11:32:30
2024-02-06 11:32:35,166 - INFO - Inserted to Database: {'city': 'Winnipeg', 'temperature': 2.1, 'wind_speed': 44.1, 'humidity': 72.0}, Received at: 2024-02-06 11:32:35
2024-02-06 11:32:35,174 - INFO - Inserted to Database: {'city': 'Vancouver', 'temperature': 14.6, 'wind_speed': 4.9, 'humidity': 60.2}, Received at: 2024-02-06 11:32:35
2024-02-06 11:32:40,186 - INFO - Inserted to Database: {'city': 'Winnipeg', 'temperature': -24.5, 'wind_speed': 9.8, 'humidity': 23.3}, Received at: 2024-02-06 11:32:40
2024-02-06 11:32:40,194 - INFO - Inserted to Database: {'city': 'Vancouver', 'temperature': 3.8, 'wind_speed': 23.7, 'humidity': 62.1}, Received at: 2024-02-06 11:32:40
2024-02-06 11:32:45,201 - INFO - Inserted to Database: {'city': 'Winnipeg', 'temperature': 4.5, 'wind_speed': 16.5, 'humidity': 54.9}, Received at: 2024-02-06 11:32:45
2024-02-06 11:32:45,219 - INFO - Inserted to Database: {'city': 'Vancouver', 'temperature': -8.1, 'wind_speed': 8.7, 'humidity': 75.7}, Received at: 2024-02-06 11:32:45
2024-02-06 11:32:50,202 - INFO - Inserted to Database: {'city': 'Winnipeg', 'temperature': -7.3, 'wind_speed': 41.8, 'humidity': 75.3}, Received at: 2024-02-06 11:32:50
2024-02-06 11:32:50,206 - INFO - Inserted to Database: {'city': 'Vancouver', 'temperature': -4.6, 'wind_speed': 7.4, 'humidity': 86.7}, Received at: 2024-02-06 11:32:50
2024-02-06 11:32:55,216 - INFO - Inserted to Database: {'city': 'Winnipeg', 'temperature': 13.5, 'wind_speed': 19.2, 'humidity': 56.8}, Received at: 2024-02-06 11:32:55
2024-02-06 11:32:55,220 - INFO - Inserted to Database: {'city': 'Vancouver', 'temperature': 17.8, 'wind_speed': 11.5, 'humidity': 91.0}, Received at: 2024-02-06 11:32:55
2024-02-06 11:33:00,224 - INFO - Inserted to Database: {'city': 'Winnipeg', 'temperature': 22.6, 'wind_speed': 10.6, 'humidity': 53.3}, Received at: 2024-02-06 11:33:00
2024-02-06 11:33:00,235 - INFO - Inserted to Database: {'city': 'Vancouver', 'temperature': -1.5, 'wind_speed': 13.7, 'humidity': 53.6}, Received at: 2024-02-06 11:33:00
2024-02-06 11:33:05,237 - INFO - Inserted to Database: {'city': 'Winnipeg', 'temperature': 7.9, 'wind_speed': 1.9, 'humidity': 26.9}, Received at: 2024-02-06 11:33:05
2024-02-06 11:33:05,246 - INFO - Inserted to Database: {'city': 'Vancouver', 'temperature': 17.3, 'wind_speed': 4.3, 'humidity': 88.6}, Received at: 2024-02-06 11:33:05
2024-02-06 11:33:10,244 - INFO - Inserted to Database: {'city': 'Winnipeg', 'temperature': 24.1, 'wind_speed': 38.6, 'humidity': 51.2}, Received at: 2024-02-06 11:33:10
2024-02-06 11:33:10,250 - INFO - Inserted to Database: {'city': 'Vancouver', 'temperature': 5.2, 'wind_speed': 18.2, 'humidity': 86.4}, Received at: 2024-02-06 11:33:10
2024-02-06 11:33:15,253 - INFO - Inserted to Database: {'city': 'Winnipeg', 'temperature': 25.1, 'wind_speed': 21.6, 'humidity': 64.8}, Received at: 2024-02-06 11:33:15
2024-02-06 11:33:15,259 - INFO - Inserted to Database: {'city': 'Vancouver', 'temperature': 14.3, 'wind_speed': 29.7, 'humidity': 39.0}, Received at: 2024-02-06 11:33:15
2024-02-06 11:33:20,264 - INFO - Inserted to Database: {'city': 'Winnipeg', 'temperature': -7.6, 'wind_speed': 9.9, 'humidity': 44.6}, Received at: 2024-02-06 11:33:20
2024-02-06 11:33:20,268 - INFO - Inserted to Database: {'city': 'Vancouver', 'temperature': 23.5, 'wind_speed': 9.1, 'humidity': 61.4}, Received at: 2024-02-06 11:33:20
2024-02-06 11:33:25,270 - INFO - Inserted to Database: {'city': 'Winnipeg', 'temperature': -9.1, 'wind_speed': 5.7, 'humidity': 49.5}, Received at: 2024-02-06 11:33:25
2024-02-06 11:33:25,278 - INFO - Inserted to Database: {'city': 'Vancouver', 'temperature': 9.6, 'wind_speed': 19.9, 'humidity': 81.4}, Received at: 2024-02-06 11:33:25
2024-02-06 11:33:30,291 - INFO - Inserted to Database: {'city': 'Winnipeg', 'temperature': -5.5, 'wind_speed': 5.3, 'humidity': 64.7}, Received at: 2024-02-06 11:33:30
2024-02-06 11:33:30,300 - INFO - Inserted to Database: {'city': 'Vancouver', 'temperature': -0.5, 'wind_speed': 22.1, 'humidity': 60.1}, Received at: 2024-02-06 11:33:30
2024-02-06 11:33:35,286 - INFO - Inserted to Database: {'city': 'Winnipeg', 'temperature': -26.7, 'wind_speed': 32.0, 'humidity': 75.4}, Received at: 2024-02-06 11:33:35
2024-02-06 11:33:35,289 - INFO - Inserted to Database: {'city': 'Vancouver', 'temperature': 23.0, 'wind_speed': 19.7, 'humidity': 43.6}, Received at: 2024-02-06 11:33:35
2024-02-06 11:33:40,293 - INFO - Inserted to Database: {'city': 'Winnipeg', 'temperature': -1.1, 'wind_speed': 1.0, 'humidity': 75.1}, Received at: 2024-02-06 11:33:40
2024-02-06 11:33:40,304 - INFO - Inserted to Database: {'city': 'Vancouver', 'temperature': 15.5, 'wind_speed': 7.3, 'humidity': 38.3}, Received at: 2024-02-06 11:33:40
2024-02-06 11:33:45,313 - INFO - Inserted to Database: {'city': 'Winnipeg', 'temperature': 20.5, 'wind_speed': 35.7, 'humidity': 69.9}, Received at: 2024-02-06 11:33:45
2024-02-06 11:33:45,326 - INFO - Inserted to Database: {'city': 'Vancouver', 'temperature': 6.6, 'wind_speed': 4.6, 'humidity': 92.6}, Received at: 2024-02-06 11:33:45
2024-02-06 11:33:50,318 - INFO - Inserted to Database: {'city': 'Winnipeg', 'temperature': 3.8, 'wind_speed': 39.6, 'humidity': 32.2}, Received at: 2024-02-06 11:33:50
2024-02-06 11:33:50,326 - INFO - Inserted to Database: {'city': 'Vancouver', 'temperature': 11.3, 'wind_speed': 18.1, 'humidity': 73.5}, Received at: 2024-02-06 11:33:50
2024-02-06 11:33:55,331 - INFO - Inserted to Database: {'city': 'Winnipeg', 'temperature': 1.8, 'wind_speed': 0.2, 'humidity': 28.4}, Received at: 2024-02-06 11:33:55
2024-02-06 11:33:55,338 - INFO - Inserted to Database: {'city': 'Vancouver', 'temperature': 10.9, 'wind_speed': 13.6, 'humidity': 81.3}, Received at: 2024-02-06 11:33:55
2024-02-06 11:34:00,339 - INFO - Inserted to Database: {'city': 'Winnipeg', 'temperature': -7.9, 'wind_speed': 8.3, 'humidity': 64.1}, Received at: 2024-02-06 11:34:00
2024-02-06 11:34:00,348 - INFO - Inserted to Database: {'city': 'Vancouver', 'temperature': 4.5, 'wind_speed': 15.4, 'humidity': 43.8}, Received at: 2024-02-06 11:34:00
2024-02-06 11:34:05,349 - INFO - Inserted to Database: {'city': 'Winnipeg', 'temperature': 25.1, 'wind_speed': 24.7, 'humidity': 49.2}, Received at: 2024-02-06 11:34:05
2024-02-06 11:34:05,354 - INFO - Inserted to Database: {'city': 'Vancouver', 'temperature': 13.6, 'wind_speed': 6.3, 'humidity': 33.3}, Received at: 2024-02-06 11:34:05
2024-02-06 11:34:10,350 - INFO - Inserted to Database: {'city': 'Winnipeg', 'temperature': 12.8, 'wind_speed': 33.5, 'humidity': 69.5}, Received at: 2024-02-06 11:34:10
2024-02-06 11:34:10,354 - INFO - Inserted to Database: {'city': 'Vancouver', 'temperature': -9.9, 'wind_speed': 14.6, 'humidity': 85.8}, Received at: 2024-02-06 11:34:10
2024-02-06 11:34:15,361 - INFO - Inserted to Database: {'city': 'Winnipeg', 'temperature': 25.9, 'wind_speed': 11.7, 'humidity': 70.3}, Received at: 2024-02-06 11:34:15
2024-02-06 11:34:15,366 - INFO - Inserted to Database: {'city': 'Vancouver', 'temperature': -3.1, 'wind_speed': 23.7, 'humidity': 64.1}, Received at: 2024-02-06 11:34:15
2024-02-06 11:34:20,409 - INFO - Inserted to Database: {'city': 'Winnipeg', 'temperature': -7.4, 'wind_speed': 45.5, 'humidity': 57.0}, Received at: 2024-02-06 11:34:20
2024-02-06 11:34:20,417 - INFO - Inserted to Database: {'city': 'Vancouver', 'temperature': -2.6, 'wind_speed': 22.0, 'humidity': 70.9}, Received at: 2024-02-06 11:34:20
